<?xml version="1.0" encoding="UTF-8"?>
<testng-results skipped="0" failed="0" ignored="0" total="1" passed="1">
  <reporter-output>
  </reporter-output>
  <suite name="Default suite" duration-ms="60942" started-at="2020-10-14T10:17:24 IST" finished-at="2020-10-14T10:18:25 IST">
    <groups>
    </groups>
    <test name="Default test" duration-ms="60942" started-at="2020-10-14T10:17:24 IST" finished-at="2020-10-14T10:18:25 IST">
      <class name="com.test.TestCase">
        <test-method status="PASS" signature="f()[pri:0, instance:com.test.TestCase@35d176f7]" name="f" duration-ms="60880" started-at="2020-10-14T10:17:24 IST" finished-at="2020-10-14T10:18:25 IST">
          <reporter-output>
          </reporter-output>
        </test-method> <!-- f -->
      </class> <!-- com.test.TestCase -->
    </test> <!-- Default test -->
  </suite> <!-- Default suite -->
</testng-results>
